[0228/200903.404:ERROR:backend_impl.cc(1041)] Critical error found -8
[0228/200903.405:ERROR:entry_impl.cc(1075)] No file for c1030002
[0228/200903.405:WARNING:storage_block-inl.h(146)] Failed data load.
[0228/200903.405:WARNING:storage_block-inl.h(146)] Failed data load.
[0228/200903.405:WARNING:storage_block-inl.h(146)] Failed data load.
[0228/200903.405:WARNING:storage_block-inl.h(146)] Failed data load.
[0228/200903.406:ERROR:entry_impl.cc(1075)] No file for c1030000
[0228/200903.406:WARNING:storage_block-inl.h(146)] Failed data load.
[0228/200903.406:WARNING:storage_block-inl.h(146)] Failed data load.
[0228/200903.406:WARNING:storage_block-inl.h(146)] Failed data load.
[0228/200903.406:WARNING:storage_block-inl.h(146)] Failed data load.
[0228/200903.406:ERROR:entry_impl.cc(1075)] No file for c1030004
[0228/200903.406:WARNING:storage_block-inl.h(146)] Failed data load.
[0228/200903.406:WARNING:storage_block-inl.h(146)] Failed data load.
[0228/200903.408:WARNING:storage_block-inl.h(146)] Failed data load.
[0228/200911.926:WARNING:value_store_frontend.cc(45)] Reading mhjfbmdgcfjbbpaeojofohoefgiehjai.alarms from  failed: IO error: .../MANIFEST-000001: Unable to create sequential file (ChromeMethodBFE: 7::NewSequentialFile::1)
[0228/200913.167:ERROR:leveldb_factory.cc(91)] Failed to open LevelDB database from C:/Users/pixel/Git/DamBuilder/DamBuilder/Saved/webcache_4430\IndexedDB\https_www.youtube-nocookie.com_0.indexeddb.leveldb,IO error: C:/Users/pixel/Git/DamBuilder/DamBuilder/Saved/webcache_4430\IndexedDB\https_www.youtube-nocookie.com_0.indexeddb.leveldb/MANIFEST-000001: Unable to create sequential file (ChromeMethodBFE: 7::NewSequentialFile::1)
[0228/200913.179:ERROR:leveldb_factory.cc(91)] Failed to open LevelDB database from C:/Users/pixel/Git/DamBuilder/DamBuilder/Saved/webcache_4430\IndexedDB\https_www.youtube-nocookie.com_0.indexeddb.leveldb,IO error: C:/Users/pixel/Git/DamBuilder/DamBuilder/Saved/webcache_4430\IndexedDB\https_www.youtube-nocookie.com_0.indexeddb.leveldb/MANIFEST-000001: Unable to create sequential file (ChromeMethodBFE: 7::NewSequentialFile::1)
[0228/200915.470:ERROR:leveldb_factory.cc(91)] Failed to open LevelDB database from C:/Users/pixel/Git/DamBuilder/DamBuilder/Saved/webcache_4430\IndexedDB\https_www.youtube-nocookie.com_0.indexeddb.leveldb,IO error: C:/Users/pixel/Git/DamBuilder/DamBuilder/Saved/webcache_4430\IndexedDB\https_www.youtube-nocookie.com_0.indexeddb.leveldb/MANIFEST-000001: Unable to create sequential file (ChromeMethodBFE: 7::NewSequentialFile::1)
[0228/200915.480:ERROR:leveldb_factory.cc(91)] Failed to open LevelDB database from C:/Users/pixel/Git/DamBuilder/DamBuilder/Saved/webcache_4430\IndexedDB\https_www.youtube-nocookie.com_0.indexeddb.leveldb,IO error: C:/Users/pixel/Git/DamBuilder/DamBuilder/Saved/webcache_4430\IndexedDB\https_www.youtube-nocookie.com_0.indexeddb.leveldb/MANIFEST-000001: Unable to create sequential file (ChromeMethodBFE: 7::NewSequentialFile::1)
[0228/200916.382:WARNING:spdy_session.cc(3431)] Received HEADERS for invalid stream 131
[0228/200939.697:ERROR:leveldb_factory.cc(91)] Failed to open LevelDB database from C:/Users/pixel/Git/DamBuilder/DamBuilder/Saved/webcache_4430\IndexedDB\https_www.youtube-nocookie.com_0.indexeddb.leveldb,IO error: C:/Users/pixel/Git/DamBuilder/DamBuilder/Saved/webcache_4430\IndexedDB\https_www.youtube-nocookie.com_0.indexeddb.leveldb/MANIFEST-000001: Unable to create sequential file (ChromeMethodBFE: 7::NewSequentialFile::1)
[0228/200939.708:ERROR:leveldb_factory.cc(91)] Failed to open LevelDB database from C:/Users/pixel/Git/DamBuilder/DamBuilder/Saved/webcache_4430\IndexedDB\https_www.youtube-nocookie.com_0.indexeddb.leveldb,IO error: C:/Users/pixel/Git/DamBuilder/DamBuilder/Saved/webcache_4430\IndexedDB\https_www.youtube-nocookie.com_0.indexeddb.leveldb/MANIFEST-000001: Unable to create sequential file (ChromeMethodBFE: 7::NewSequentialFile::1)
[0228/200943.501:ERROR:leveldb_factory.cc(91)] Failed to open LevelDB database from C:/Users/pixel/Git/DamBuilder/DamBuilder/Saved/webcache_4430\IndexedDB\https_www.youtube-nocookie.com_0.indexeddb.leveldb,IO error: C:/Users/pixel/Git/DamBuilder/DamBuilder/Saved/webcache_4430\IndexedDB\https_www.youtube-nocookie.com_0.indexeddb.leveldb/MANIFEST-000001: Unable to create sequential file (ChromeMethodBFE: 7::NewSequentialFile::1)
[0228/200943.513:ERROR:leveldb_factory.cc(91)] Failed to open LevelDB database from C:/Users/pixel/Git/DamBuilder/DamBuilder/Saved/webcache_4430\IndexedDB\https_www.youtube-nocookie.com_0.indexeddb.leveldb,IO error: C:/Users/pixel/Git/DamBuilder/DamBuilder/Saved/webcache_4430\IndexedDB\https_www.youtube-nocookie.com_0.indexeddb.leveldb/MANIFEST-000001: Unable to create sequential file (ChromeMethodBFE: 7::NewSequentialFile::1)
[0228/201102.823:ERROR:gpu_init.cc(426)] Passthrough is not supported, GL is disabled
